<?xml version="1.0" encoding="UTF-8"?>
<testng-results ignored="12" total="15" passed="3" failed="0" skipped="0">
  <reporter-output>
    <line>
      <![CDATA[ALL]]>
    </line>
    <line>
      <![CDATA[io.restassured.internal.RestAssuredResponseImpl@3003e580]]>
    </line>
    <line>
      <![CDATA[io.restassured.path.json.JsonPath@108e9837]]>
    </line>
    <line>
      <![CDATA[ALL]]>
    </line>
    <line>
      <![CDATA[ALL]]>
    </line>
    <line>
      <![CDATA[ALL]]>
    </line>
  </reporter-output>
  <suite started-at="2025-01-30T10:54:28 IST" name="Suite" finished-at="2025-01-30T10:54:51 IST" duration-ms="22681">
    <groups>
      <group name="TAR">
        <method signature="Test_001_BDC_PElab_3.TAR()[pri:0, instance:com.tecnotree.automatiom.File.Upload.Service.Test_001_BDC_PElab_3@5c33f1a9]" name="TAR" class="com.tecnotree.automatiom.File.Upload.Service.Test_001_BDC_PElab_3"/>
      </group> <!-- TAR -->
      <group name="JSON">
        <method signature="Test_001_BDC_PElab_3.JSON()[pri:0, instance:com.tecnotree.automatiom.File.Upload.Service.Test_001_BDC_PElab_3@5c33f1a9]" name="JSON" class="com.tecnotree.automatiom.File.Upload.Service.Test_001_BDC_PElab_3"/>
      </group> <!-- JSON -->
      <group name="SQL">
        <method signature="Test_001_BDC_PElab_3.SQl()[pri:0, instance:com.tecnotree.automatiom.File.Upload.Service.Test_001_BDC_PElab_3@5c33f1a9]" name="SQl" class="com.tecnotree.automatiom.File.Upload.Service.Test_001_BDC_PElab_3"/>
      </group> <!-- SQL -->
    </groups>
    <test started-at="2025-01-30T10:54:28 IST" name="Test1_Test2_Test3" finished-at="2025-01-30T10:54:51 IST" duration-ms="22681">
      <class name="com.tecnotree.automatiom.File.Upload.Service.Test_001_BDC_PElab_3">
        <test-method is-config="true" signature="masterDataUpdate()[pri:0, instance:com.tecnotree.automatiom.File.Upload.Service.Test_001_BDC_PElab_3@5c33f1a9]" started-at="2025-01-30T10:54:28 IST" name="masterDataUpdate" finished-at="2025-01-30T10:54:31 IST" duration-ms="2507" status="PASS">
          <reporter-output>
            <line>
              <![CDATA[ALL]]>
            </line>
            <line>
              <![CDATA[io.restassured.internal.RestAssuredResponseImpl@3003e580]]>
            </line>
            <line>
              <![CDATA[io.restassured.path.json.JsonPath@108e9837]]>
            </line>
          </reporter-output>
        </test-method> <!-- masterDataUpdate -->
        <test-method is-config="true" signature="sftpremove()[pri:0, instance:com.tecnotree.automatiom.File.Upload.Service.Test_001_BDC_PElab_3@5c33f1a9]" started-at="2025-01-30T10:54:31 IST" name="sftpremove" finished-at="2025-01-30T10:54:31 IST" duration-ms="749" status="PASS">
          <reporter-output>
          </reporter-output>
        </test-method> <!-- sftpremove -->
        <test-method signature="JSON()[pri:0, instance:com.tecnotree.automatiom.File.Upload.Service.Test_001_BDC_PElab_3@5c33f1a9]" started-at="2025-01-30T10:54:31 IST" name="JSON" finished-at="2025-01-30T10:54:36 IST" duration-ms="4346" status="PASS">
          <reporter-output>
            <line>
              <![CDATA[ALL]]>
            </line>
          </reporter-output>
        </test-method> <!-- JSON -->
        <test-method is-config="true" signature="sftpremove()[pri:0, instance:com.tecnotree.automatiom.File.Upload.Service.Test_001_BDC_PElab_3@5c33f1a9]" started-at="2025-01-30T10:54:36 IST" name="sftpremove" finished-at="2025-01-30T10:54:36 IST" duration-ms="550" status="PASS">
          <reporter-output>
          </reporter-output>
        </test-method> <!-- sftpremove -->
        <test-method signature="SQl()[pri:0, instance:com.tecnotree.automatiom.File.Upload.Service.Test_001_BDC_PElab_3@5c33f1a9]" started-at="2025-01-30T10:54:36 IST" name="SQl" finished-at="2025-01-30T10:54:40 IST" duration-ms="4258" status="PASS">
          <reporter-output>
            <line>
              <![CDATA[ALL]]>
            </line>
          </reporter-output>
        </test-method> <!-- SQl -->
        <test-method is-config="true" signature="sftpremove()[pri:0, instance:com.tecnotree.automatiom.File.Upload.Service.Test_001_BDC_PElab_3@5c33f1a9]" started-at="2025-01-30T10:54:40 IST" name="sftpremove" finished-at="2025-01-30T10:54:41 IST" duration-ms="587" status="PASS">
          <reporter-output>
          </reporter-output>
        </test-method> <!-- sftpremove -->
        <test-method signature="TAR()[pri:0, instance:com.tecnotree.automatiom.File.Upload.Service.Test_001_BDC_PElab_3@5c33f1a9]" started-at="2025-01-30T10:54:41 IST" name="TAR" finished-at="2025-01-30T10:54:51 IST" duration-ms="9650" status="PASS">
          <reporter-output>
            <line>
              <![CDATA[ALL]]>
            </line>
          </reporter-output>
        </test-method> <!-- TAR -->
      </class> <!-- com.tecnotree.automatiom.File.Upload.Service.Test_001_BDC_PElab_3 -->
    </test> <!-- Test1_Test2_Test3 -->
  </suite> <!-- Suite -->
</testng-results>
