<?xml version="1.0" encoding="UTF-8"?>
<testng-results ignored="0" total="3" passed="3" failed="0" skipped="0">
  <reporter-output>
    <line>
      <![CDATA[ALL]]>
    </line>
    <line>
      <![CDATA[io.restassured.internal.RestAssuredResponseImpl@76a14c8d]]>
    </line>
    <line>
      <![CDATA[io.restassured.path.json.JsonPath@10a18e3e]]>
    </line>
    <line>
      <![CDATA[ALL]]>
    </line>
    <line>
      <![CDATA[ALL]]>
    </line>
    <line>
      <![CDATA[ALL]]>
    </line>
  </reporter-output>
  <suite started-at="2025-01-30T11:11:26 IST" name="Suite" finished-at="2025-01-30T11:11:51 IST" duration-ms="24778">
    <groups>
      <group name="TAR">
        <method signature="Test_001_BDC_PElab_3.TAR()[pri:0, instance:com.tecnotree.automatiom.File.Upload.Service.Test_001_BDC_PElab_3@37ceb1df]" name="TAR" class="com.tecnotree.automatiom.File.Upload.Service.Test_001_BDC_PElab_3"/>
      </group> <!-- TAR -->
      <group name="JSON">
        <method signature="Test_001_BDC_PElab_3.JSON()[pri:0, instance:com.tecnotree.automatiom.File.Upload.Service.Test_001_BDC_PElab_3@37ceb1df]" name="JSON" class="com.tecnotree.automatiom.File.Upload.Service.Test_001_BDC_PElab_3"/>
      </group> <!-- JSON -->
      <group name="SQL">
        <method signature="Test_001_BDC_PElab_3.SQl()[pri:0, instance:com.tecnotree.automatiom.File.Upload.Service.Test_001_BDC_PElab_3@37ceb1df]" name="SQl" class="com.tecnotree.automatiom.File.Upload.Service.Test_001_BDC_PElab_3"/>
      </group> <!-- SQL -->
    </groups>
    <test started-at="2025-01-30T11:11:26 IST" name="Test1_Test2_Test3" finished-at="2025-01-30T11:11:51 IST" duration-ms="24778">
      <class name="com.tecnotree.automatiom.File.Upload.Service.Test_001_BDC_PElab_3">
        <test-method is-config="true" signature="masterDataUpdate()[pri:0, instance:com.tecnotree.automatiom.File.Upload.Service.Test_001_BDC_PElab_3@37ceb1df]" started-at="2025-01-30T11:11:26 IST" name="masterDataUpdate" finished-at="2025-01-30T11:11:29 IST" duration-ms="3132" status="PASS">
          <reporter-output>
            <line>
              <![CDATA[ALL]]>
            </line>
            <line>
              <![CDATA[io.restassured.internal.RestAssuredResponseImpl@76a14c8d]]>
            </line>
            <line>
              <![CDATA[io.restassured.path.json.JsonPath@10a18e3e]]>
            </line>
          </reporter-output>
        </test-method> <!-- masterDataUpdate -->
        <test-method is-config="true" signature="sftpremove()[pri:0, instance:com.tecnotree.automatiom.File.Upload.Service.Test_001_BDC_PElab_3@37ceb1df]" started-at="2025-01-30T11:11:29 IST" name="sftpremove" finished-at="2025-01-30T11:11:30 IST" duration-ms="1041" status="PASS">
          <reporter-output>
          </reporter-output>
        </test-method> <!-- sftpremove -->
        <test-method signature="JSON()[pri:0, instance:com.tecnotree.automatiom.File.Upload.Service.Test_001_BDC_PElab_3@37ceb1df]" started-at="2025-01-30T11:11:30 IST" name="JSON" finished-at="2025-01-30T11:11:34 IST" duration-ms="4437" status="PASS">
          <reporter-output>
            <line>
              <![CDATA[ALL]]>
            </line>
          </reporter-output>
        </test-method> <!-- JSON -->
        <test-method is-config="true" signature="sftpremove()[pri:0, instance:com.tecnotree.automatiom.File.Upload.Service.Test_001_BDC_PElab_3@37ceb1df]" started-at="2025-01-30T11:11:34 IST" name="sftpremove" finished-at="2025-01-30T11:11:35 IST" duration-ms="721" status="PASS">
          <reporter-output>
          </reporter-output>
        </test-method> <!-- sftpremove -->
        <test-method signature="SQl()[pri:0, instance:com.tecnotree.automatiom.File.Upload.Service.Test_001_BDC_PElab_3@37ceb1df]" started-at="2025-01-30T11:11:35 IST" name="SQl" finished-at="2025-01-30T11:11:40 IST" duration-ms="4561" status="PASS">
          <reporter-output>
            <line>
              <![CDATA[ALL]]>
            </line>
          </reporter-output>
        </test-method> <!-- SQl -->
        <test-method is-config="true" signature="sftpremove()[pri:0, instance:com.tecnotree.automatiom.File.Upload.Service.Test_001_BDC_PElab_3@37ceb1df]" started-at="2025-01-30T11:11:40 IST" name="sftpremove" finished-at="2025-01-30T11:11:40 IST" duration-ms="581" status="PASS">
          <reporter-output>
          </reporter-output>
        </test-method> <!-- sftpremove -->
        <test-method signature="TAR()[pri:0, instance:com.tecnotree.automatiom.File.Upload.Service.Test_001_BDC_PElab_3@37ceb1df]" started-at="2025-01-30T11:11:40 IST" name="TAR" finished-at="2025-01-30T11:11:51 IST" duration-ms="10256" status="PASS">
          <reporter-output>
            <line>
              <![CDATA[ALL]]>
            </line>
          </reporter-output>
        </test-method> <!-- TAR -->
      </class> <!-- com.tecnotree.automatiom.File.Upload.Service.Test_001_BDC_PElab_3 -->
    </test> <!-- Test1_Test2_Test3 -->
  </suite> <!-- Suite -->
</testng-results>
